PATTERN NUM: 1234
=================================INPUT================================
ic| opt: 0
ic| img11: array([-105.57914 , -133.49652 ,  -40.68792 , -195.78227 , -146.80315 ,
                   106.58021 ,  216.6191  ,  -46.380146, -159.14388 ,   44.391647,
                    85.171   , -154.83049 , -187.02028 ,  128.51509 ,  152.13542 ,
                  -158.43135 ], dtype=float32)
ic| img12: array([ 182.55656  ,  -33.096107 ,   16.564318 ,  -36.020752 ,
                    41.99907  ,  -30.075884 ,   -7.6580935,   53.33498  ,
                  -201.28552  ,   14.496137 , -132.24284  ,   99.190414 ,
                     7.0942216,  -24.014929 ,   93.943085 ,  -70.988335 ],
                 dtype=float32)
ic| img13: array([  -2.4413483,  -83.95817  , -204.82619  ,  113.72433  ,
                   173.2587   ,  112.99691  , -170.09062  ,  -75.87358  ,
                   218.49586  , -121.63561  , -236.57669  ,  131.22316  ,
                   165.20549  , -191.70276  ,   17.03606  ,  248.87498  ],
                 dtype=float32)
ic| ker1: array([ 0.4852656 , -0.04470617, -0.05416149, -0.12273882,  0.14820136,
                 -0.06052932, -0.01832446,  0.459792  ,  0.13215113], dtype=float32)
ic| ker2: array([-0.17000508,  0.28987107, -0.3968318 ,  0.49207285,  0.04142368,
                  0.03469123, -0.4659971 ,  0.38141257,  0.1886956 ], dtype=float32)
ic| ker3: array([-0.28359488, -0.13587216,  0.10543123,  0.4538056 , -0.28325054,
                  0.11397334, -0.367249  ,  0.26858464, -0.15584956], dtype=float32)
ic| weight: array([ 0.26126587, -0.26721808,  0.24909905,  0.38505435], dtype=float32)
ic| hex2_fp_numpy(img11): array(['c2d32885', 'c3057f1c', 'c222c06e', 'c343c843', 'c312cd9b',
                                 '42d52911', '43589e7d', 'c2398545', 'c31f24d5', '4231910c',
                                 '42aa578d', 'c31ad49b', 'c33b0531', '430083dd', '431822ab',
                                 'c31e6e6d'], dtype='<U8')
ic| hex2_fp_numpy(img12): array(['43368e7b', 'c204626a', '418483b9', 'c2101540', '4227ff0c',
                                 'c1f09b69', 'c0f50f1a', '42555705', 'c3494918', '4167f02d',
                                 'c3043e2b', '42c6617e', '40e303dd', 'c1c01e93', '42bbe2dc',
                                 'c28dfa07'], dtype='<U8')
ic| hex2_fp_numpy(img13): array(['c01c3f0d', 'c2a7ea95', 'c34cd381', '42e372db', '432d423a',
                                 '42e1fe6b', 'c32a1733', 'c297bf46', '435a7ef1', 'c2f3456f',
                                 'c36c93a2', '43033921', '4325349b', 'c33fb3e8', '418849da',
                                 '4378dfff'], dtype='<U8')
ic| hex2_fp_numpy(ker1): array(['3ef874bc', 'bd371dd0', 'bd5dd871', 'bdfb5e7d', '3e17c219',
                                'bd77ed98', 'bc961d2d', '3eeb69db', '3e0752a0'], dtype='<U8')
ic| hex2_fp_numpy(ker2): array(['be2e15d0', '3e9469fb', 'becb2d8a', '3efbf0f9', '3d29abe1',
                                '3d0e1864', 'beee972c', '3ec34882', '3e41396b'], dtype='<U8')
ic| hex2_fp_numpy(ker3): array(['be913359', 'be0b2212', '3dd7ec54', '3ee85935', 'be910637',
                                '3de96adb', 'bebc0810', '3e8983ed', 'be1f9707'], dtype='<U8')
ic| hex2_fp_numpy(weight): array(['3e85c4a4', 'be88d0cf', '3e7f13d2', '3ec525d8'], dtype='<U8')
=================================Intermediate Values================================
ic| pad11: array([[   0.      ,    0.      ,    0.      ,    0.      ,    0.      ,
                      0.      ],
                  [   0.      , -105.57914 , -133.49652 ,  -40.68792 , -195.78227 ,
                      0.      ],
                  [   0.      , -146.80315 ,  106.58021 ,  216.6191  ,  -46.380146,
                      0.      ],
                  [   0.      , -159.14388 ,   44.391647,   85.171   , -154.83049 ,
                      0.      ],
                  [   0.      , -187.02028 ,  128.51509 ,  152.13542 , -158.43135 ,
                      0.      ],
                  [   0.      ,    0.      ,    0.      ,    0.      ,    0.      ,
                      0.      ]], dtype=float32)
    pad12: array([[   0.       ,    0.       ,    0.       ,    0.       ,
                      0.       ,    0.       ],
                  [   0.       ,  182.55656  ,  -33.096107 ,   16.564318 ,
                    -36.020752 ,    0.       ],
                  [   0.       ,   41.99907  ,  -30.075884 ,   -7.6580935,
                     53.33498  ,    0.       ],
                  [   0.       , -201.28552  ,   14.496137 , -132.24284  ,
                     99.190414 ,    0.       ],
                  [   0.       ,    7.0942216,  -24.014929 ,   93.943085 ,
                    -70.988335 ,    0.       ],
                  [   0.       ,    0.       ,    0.       ,    0.       ,
                      0.       ,    0.       ]], dtype=float32)
    pad13: array([[   0.       ,    0.       ,    0.       ,    0.       ,
                      0.       ,    0.       ],
                  [   0.       ,   -2.4413483,  -83.95817  , -204.82619  ,
                    113.72433  ,    0.       ],
                  [   0.       ,  173.2587   ,  112.99691  , -170.09062  ,
                    -75.87358  ,    0.       ],
                  [   0.       ,  218.49586  , -121.63561  , -236.57669  ,
                    131.22316  ,    0.       ],
                  [   0.       ,  165.20549  , -191.70276  ,   17.03606  ,
                    248.87498  ,    0.       ],
                  [   0.       ,    0.       ,    0.       ,    0.       ,
                      0.       ,    0.       ]], dtype=float32)
ic| conv11: array([ -60.980736 ,   75.958374 ,  113.72328  ,  -49.31586  ,
                    -83.56392  ,   12.222471 ,  -12.642874 , -117.203476 ,
                    -94.488884 ,   15.843086 ,  107.751976 ,   -1.8418655,
                    -30.785196 ,  -51.032516 ,   42.48255  ,    6.0997696],
                  dtype=float32)
    conv12: array([  16.757807 ,   56.546993 ,    4.3093147,   30.57002  ,
                     -7.289627 ,   46.326515 ,  -27.021742 ,   84.640854 ,
                     14.448599 , -110.59237  ,   20.45116  , -115.055145 ,
                    -64.63861  ,   96.65483  ,  -90.548    ,   94.52063  ],
                  dtype=float32)
    conv13: array([  20.046627,   -7.44273 ,  -42.47888 ,  -83.076614,   32.9244  ,
                    -58.30309 ,  115.11832 ,  109.065926,  -13.13147 ,  -90.59175 ,
                     46.024498,  -25.395401, -111.15524 ,   60.83275 ,   17.018303,
                    -13.500553], dtype=float32)
ic| conv11_h: array(['c273ec46', '4297eab0', '42e37252', 'c2454371', 'c2a720ba',
                     '41438f3e', 'c14a4936', 'c2ea682e', 'c2bcfa4f', '417d7d48',
                     '42d78103', 'bfebc240', 'c1f64815', 'c24c214c', '4229ee22',
                     '40c33150'], dtype='<U8')
    conv12_h: array(['41860ffd', '4262301f', '4089e5e8', '41f48f67', 'c0e944a0',
                     '42394e5a', 'c1d82c87', '42a9481e', '41672d76', 'c2dd2f4b',
                     '41a39bfa', 'c2e61c3c', 'c28146f8', '42c14f46', 'c2b51893',
                     '42bd0a90'], dtype='<U8')
    conv13_h: array(['41a05f7e', 'c0ee2ad8', 'c229ea60', 'c2a6273a', '4203b296',
                     'c269365d', '42e63c94', '42da21c1', 'c1521a80', 'c2b52efa',
                     '42381916', 'c1cb29c8', 'c2de4f7c', '427354bc', '4188257c',
                     'c1580244'], dtype='<U8')
ic| fmap1: array([ -24.176304 ,  125.06264  ,   75.55371  , -101.82246  ,
                   -57.929146 ,    0.2458992,   75.453705 ,   76.5033   ,
                   -93.17175  , -185.34103  ,  174.22763  , -142.29242  ,
                  -206.57904  ,  106.45506  ,  -31.047142 ,   87.11984  ],
                 dtype=float32)
ic| fmap1_h: array(['c1c16912', '42fa2012', '42971b80', 'c2cba519', 'c267b772',
                    '3e7bcd00', '4296e84c', '429901b1', 'c2ba57f0', 'c339574e',
                    '432e3a46', 'c30e4adc', 'c34e943c', '42d4e8fe', 'c1f8608c',
                    '42ae3d5c'], dtype='<U8')
ic| pool1: array([125.06264,  76.5033 , 106.45506, 174.22763], dtype=float32)
ic| pool1_h: array(['42fa2012', '429901b1', '42d4e8fe', '432e3a46'], dtype='<U8')
ic| fc1: array([[51.7315  ],
                [-3.961069],
                [71.21301 ],
                [38.64039 ]], dtype=float32)
ic| fc1_h: array([['424eed0e'],
                  ['c07d8228'],
                  ['428e6d10'],
                  ['421a8fc2']], dtype='<U8')
ic| norm1: array([[0.740848  ],
                  [0.        ],
                  [1.        ],
                  [0.56670403]], dtype=float32)
ic| norm1_h: array([['3f3da837'],
                    ['0'],
                    ['3f800000'],
                    ['3f111384']], dtype='<U8')
=================================Output================================
ic| vect1: array([[0.740848  ],
                  [0.        ],
                  [1.        ],
                  [0.56670403]], dtype=float32)
ic| vect1_h: array([['3f3da837'],
                    ['0'],
                    ['3f800000'],
                    ['3f111384']], dtype='<U8')
